<?xml version="1.0" encoding="UTF-8"?>
<!-- Generated by org.testng.reporters.JUnitReportReporter -->
<testsuite skipped="0" hostname="Shilpa-PC" name="TestNGClasses.ExampleTesNg" tests="2" failures="0" timestamp="25 Feb 2018 15:29:32 GMT" time="0.057" errors="0">
  <testcase name="f" time="0.024" classname="TestNGClasses.ExampleTesNg"/>
  <testcase name="f1" time="0.033" classname="TestNGClasses.ExampleTesNg"/>
</testsuite> <!-- TestNGClasses.ExampleTesNg -->
