<?xml version="1.0" encoding="UTF-8"?>
<!-- Generated by org.testng.reporters.JUnitReportReporter -->
<testsuite skipped="0" hostname="Shilpa-PC" name="TestNGClasses.OrderOfExecution" tests="1" failures="0" timestamp="10 May 2018 09:17:54 GMT" time="0.026" errors="0">
  <testcase name="f" time="0.026" classname="TestNGClasses.OrderOfExecution"/>
</testsuite> <!-- TestNGClasses.OrderOfExecution -->
