<?xml version="1.0" encoding="UTF-8"?>
<!-- Generated by org.testng.reporters.JUnitReportReporter -->
<testsuite skipped="0" hostname="Shilpa-PC" name="TestNGClasses.LoginIN" tests="1" failures="0" timestamp="17 Dec 2017 16:06:47 GMT" time="21.329" errors="0">
  <testcase name="f" time="21.329" classname="TestNGClasses.LoginIN"/>
</testsuite> <!-- TestNGClasses.LoginIN -->
